[2026-03-24 14:09:53] ========================================
[2026-03-24 14:09:53]    竞猜世界 - 全网情报搜集启动
[2026-03-24 14:09:53]    Agent: 雷达（情报官）
[2026-03-24 14:09:53] ========================================
[2026-03-24 14:09:53] === 搜集 Polymarket 数据 ===
[2026-03-24 14:09:53] ⚠️ Polymarket API 获取失败
[2026-03-24 14:20:04] ========================================
[2026-03-24 14:20:04]    竞猜世界 - 全网情报搜集启动
[2026-03-24 14:20:04]    Agent: 雷达（情报官）
[2026-03-24 14:20:04] ========================================
[2026-03-24 14:20:04] === 搜集 Polymarket 数据 ===
[2026-03-24 14:20:05] ⚠️ Polymarket API 获取失败
[2026-03-24 14:25:56] ========================================
[2026-03-24 14:25:56]    竞猜世界 - 全网情报搜集启动
[2026-03-24 14:25:56]    Agent: 雷达（情报官）
[2026-03-24 14:25:56] ========================================
[2026-03-24 14:25:56] === 搜集 Polymarket 数据 ===
[2026-03-24 14:25:57] ✅ 获取 50 个活跃市场
[2026-03-24 14:25:57] ========================================
[2026-03-24 14:25:57]    情报搜集完成
[2026-03-24 14:25:57] ========================================
[2026-03-24 19:15:21] ========================================
[2026-03-24 19:15:21]    竞猜世界 - 全网情报搜集启动
[2026-03-24 19:15:21]    Agent: 雷达（情报官）
[2026-03-24 19:15:21] ========================================
[2026-03-24 19:15:21] === 搜集 Polymarket 数据 ===
[2026-03-24 19:15:23] ✅ 获取 50 个活跃市场
[2026-03-24 19:15:23] ========================================
[2026-03-24 19:15:23]    情报搜集完成
[2026-03-24 19:15:23] ========================================
[2026-03-24 19:22:36] ========================================
[2026-03-24 19:22:36]    竞猜世界 - 全网情报搜集启动
[2026-03-24 19:22:36]    Agent: 雷达（情报官）
[2026-03-24 19:22:36] ========================================
[2026-03-24 19:22:36] === 搜集 Polymarket 数据 ===
[2026-03-24 19:22:38] ✅ 获取 50 个活跃市场
[2026-03-24 19:22:38] === 搜集体育赔率数据 ===
[2026-03-24 19:22:38] ⚠️ 体育赔率API未配置，使用占位数据
[2026-03-24 19:22:38] === 搜集加密赌场数据 ===
[2026-03-24 19:22:38] ⚠️ 加密赌场数据需要Dune Analytics API
[2026-03-24 19:22:38] === 搜集电竞数据 ===
[2026-03-24 19:22:38] ⚠️ 电竞数据API未配置
[2026-03-24 19:22:38] === 搜集MEV机会 ===
[2026-03-24 19:22:38] ⚠️ MEV监控需要专业基础设施
[2026-03-24 19:22:38] === 分析套利机会 ===
[2026-03-24 19:22:38] ⚠️ 套利分析需要多平台数据
[2026-03-24 19:22:38] === 生成情报摘要 ===
[2026-03-24 19:22:38] ✅ 情报摘要已生成: /home/administrator/.openclaw/workspace/intelligence/summary-20260324.md
[2026-03-24 19:22:38] ========================================
[2026-03-24 19:22:38]    情报搜集完成
[2026-03-24 19:22:38] ========================================
[2026-03-24 19:23:57] ========================================
[2026-03-24 19:23:57]    竞猜世界 - 全网情报搜集启动
[2026-03-24 19:23:57]    Agent: 雷达（情报官）
[2026-03-24 19:23:57] ========================================
[2026-03-24 19:23:57] === 搜集 Polymarket 数据 ===
[2026-03-24 19:23:59] ✅ 获取 50 个活跃市场
[2026-03-24 19:23:59] ========================================
[2026-03-24 19:23:59]    情报搜集完成
[2026-03-24 19:23:59] ========================================
[2026-03-24 19:24:55] ========================================
[2026-03-24 19:24:55]    竞猜世界 - 全网情报搜集启动
[2026-03-24 19:24:55]    Agent: 雷达（情报官）
[2026-03-24 19:24:55] ========================================
[2026-03-24 19:24:55] === 搜集 Polymarket 数据 ===
[2026-03-24 19:24:57] ✅ 获取 50 个活跃市场
[2026-03-24 19:24:57] ========================================
[2026-03-24 19:24:57]    情报搜集完成
[2026-03-24 19:24:57] ========================================
